2020-07-09 13:46:15 WARN  BlockServiceImpl:18 - Exeption java.lang.Exception in method run
2020-07-09 13:46:15 WARN  RetryUtil:16 - We have java.lang.Exception 
May be it is will fixed
2020-07-09 13:46:15 WARN  BlockServiceImpl:18 - Exeption java.lang.Exception in method run
2020-07-09 13:46:15 WARN  RetryUtil:16 - We have java.lang.Exception 
May be it is will fixed
2020-07-09 13:46:15 WARN  BlockServiceImpl:18 - Exeption java.lang.Exception in method run
2020-07-09 13:46:15 WARN  RetryUtil:16 - We have java.lang.Exception 
May be it is will fixed
2020-07-09 13:46:15 WARN  BlockServiceImpl:18 - Exeption java.lang.Exception in method run
2020-07-09 13:46:15 WARN  RetryUtil:16 - We have java.lang.Exception 
May be it is will fixed
2020-07-09 13:46:15 WARN  BlockServiceImpl:18 - Exeption java.lang.Exception in method run
2020-07-09 13:46:15 WARN  RetryUtil:16 - We have java.lang.Exception 
May be it is will fixed
2020-07-09 13:46:15 WARN  BlockServiceImpl:18 - Exeption java.lang.Exception in method run
2020-07-09 13:46:15 WARN  RetryUtil:16 - We have java.lang.Exception 
May be it is will fixed
2020-07-09 13:46:15 WARN  BlockServiceImpl:18 - Exeption java.lang.Exception in method run
2020-07-09 13:46:15 WARN  RetryUtil:16 - We have java.lang.Exception 
May be it is will fixed
2020-07-09 13:46:15 WARN  BlockServiceImpl:18 - Exeption java.lang.Exception in method run
2020-07-09 13:46:15 WARN  RetryUtil:16 - We have java.lang.Exception 
May be it is will fixed
2020-07-09 13:46:15 WARN  BlockServiceImpl:18 - Exeption java.lang.Exception in method run
2020-07-09 13:46:15 WARN  RetryUtil:16 - We have java.lang.Exception 
May be it is will fixed
2020-07-09 13:51:20 WARN  BlockServiceImpl:18 - Exeption java.lang.Exception in method run
2020-07-09 13:51:20 WARN  RetryUtil:16 - We have java.lang.Exception 
May be it is will fixed
2020-07-09 13:51:20 WARN  BlockServiceImpl:18 - Exeption java.lang.Exception in method run
2020-07-09 13:51:20 WARN  RetryUtil:16 - We have java.lang.Exception 
May be it is will fixed
2020-07-09 13:51:20 WARN  BlockServiceImpl:18 - Exeption java.lang.Exception in method run
2020-07-09 13:51:20 WARN  RetryUtil:16 - We have java.lang.Exception 
May be it is will fixed
2020-07-09 13:51:20 WARN  BlockServiceImpl:18 - Exeption java.lang.Exception in method run
2020-07-09 13:51:20 WARN  RetryUtil:16 - We have java.lang.Exception 
May be it is will fixed
2020-07-09 13:51:20 WARN  BlockServiceImpl:18 - Exeption java.lang.Exception in method run
2020-07-09 13:51:20 WARN  RetryUtil:16 - We have java.lang.Exception 
May be it is will fixed
2020-07-09 13:51:20 WARN  BlockServiceImpl:18 - Exeption java.lang.Exception in method run
2020-07-09 13:51:20 WARN  RetryUtil:16 - We have java.lang.Exception 
May be it is will fixed
2020-07-09 13:51:20 WARN  BlockServiceImpl:18 - Exeption java.lang.Exception in method run
2020-07-09 13:51:20 WARN  RetryUtil:16 - We have java.lang.Exception 
May be it is will fixed
2020-07-09 13:51:20 WARN  BlockServiceImpl:18 - Exeption java.lang.Exception in method run
2020-07-09 13:51:20 WARN  RetryUtil:16 - We have java.lang.Exception 
May be it is will fixed
2020-07-09 13:51:20 WARN  BlockServiceImpl:18 - Exeption java.lang.Exception in method run
2020-07-09 13:51:20 WARN  RetryUtil:16 - We have java.lang.Exception 
May be it is will fixed
2020-07-09 13:51:20 WARN  BlockServiceImpl:18 - Exeption java.lang.Exception in method run
2020-07-09 13:51:20 WARN  RetryUtil:16 - We have java.lang.Exception 
May be it is will fixed
2020-07-09 13:51:20 WARN  BlockServiceImpl:18 - Exeption java.lang.Exception in method run
2020-07-09 13:51:20 WARN  RetryUtil:16 - We have java.lang.Exception 
May be it is will fixed
2020-07-09 13:51:20 WARN  BlockServiceImpl:18 - Exeption java.lang.Exception in method run
2020-07-09 13:51:20 WARN  RetryUtil:16 - We have java.lang.Exception 
May be it is will fixed
2020-07-09 13:51:20 WARN  BlockServiceImpl:18 - Exeption java.lang.Exception in method run
2020-07-09 13:51:20 WARN  RetryUtil:16 - We have java.lang.Exception 
May be it is will fixed
2020-07-09 13:51:20 WARN  BlockServiceImpl:18 - Exeption java.lang.Exception in method run
2020-07-09 13:51:20 WARN  RetryUtil:16 - We have java.lang.Exception 
May be it is will fixed
2020-07-09 13:51:20 WARN  BlockServiceImpl:18 - Exeption java.lang.Exception in method run
2020-07-09 13:51:20 WARN  RetryUtil:16 - We have java.lang.Exception 
May be it is will fixed
2020-07-09 13:51:20 WARN  BlockServiceImpl:18 - Exeption java.lang.Exception in method run
2020-07-09 13:51:20 WARN  RetryUtil:16 - We have java.lang.Exception 
May be it is will fixed
2020-07-09 13:51:20 WARN  BlockServiceImpl:18 - Exeption java.lang.Exception in method run
2020-07-09 13:51:20 WARN  RetryUtil:16 - We have java.lang.Exception 
May be it is will fixed
2020-07-09 13:51:20 WARN  BlockServiceImpl:18 - Exeption java.lang.Exception in method run
2020-07-09 13:51:20 WARN  RetryUtil:16 - We have java.lang.Exception 
May be it is will fixed
2020-07-09 13:51:20 WARN  BlockServiceImpl:18 - Exeption java.lang.Exception in method run
2020-07-09 13:51:20 WARN  RetryUtil:16 - We have java.lang.Exception 
May be it is will fixed
2020-07-09 13:51:20 WARN  BlockServiceImpl:18 - Exeption java.lang.Exception in method run
2020-07-09 13:51:20 WARN  RetryUtil:16 - We have java.lang.Exception 
May be it is will fixed
2020-07-09 13:51:20 WARN  BlockServiceImpl:18 - Exeption java.lang.Exception in method run
2020-07-09 13:51:20 WARN  RetryUtil:16 - We have java.lang.Exception 
May be it is will fixed
2020-07-09 13:51:20 WARN  BlockServiceImpl:18 - Exeption java.lang.Exception in method run
2020-07-09 13:51:20 WARN  RetryUtil:16 - We have java.lang.Exception 
May be it is will fixed
2020-07-09 13:51:20 WARN  BlockServiceImpl:18 - Exeption java.lang.Exception in method run
2020-07-09 13:51:20 WARN  RetryUtil:16 - We have java.lang.Exception 
May be it is will fixed
2020-07-09 13:51:20 WARN  BlockServiceImpl:18 - Exeption java.lang.Exception in method run
2020-07-09 13:51:20 WARN  RetryUtil:16 - We have java.lang.Exception 
May be it is will fixed
2020-07-09 13:51:20 WARN  BlockServiceImpl:18 - Exeption java.lang.Exception in method run
2020-07-09 13:51:20 WARN  RetryUtil:16 - We have java.lang.Exception 
May be it is will fixed
2020-07-09 13:51:20 WARN  BlockServiceImpl:18 - Exeption java.lang.Exception in method run
2020-07-09 13:51:20 WARN  RetryUtil:16 - We have java.lang.Exception 
May be it is will fixed
2020-07-09 13:51:20 WARN  BlockServiceImpl:18 - Exeption java.lang.Exception in method run
2020-07-09 13:51:20 WARN  RetryUtil:16 - We have java.lang.Exception 
May be it is will fixed
2020-07-09 13:51:20 WARN  BlockServiceImpl:18 - Exeption java.lang.Exception in method run
2020-07-09 13:51:20 WARN  RetryUtil:16 - We have java.lang.Exception 
May be it is will fixed
2020-07-09 13:51:20 WARN  BlockServiceImpl:18 - Exeption java.lang.Exception in method run
2020-07-09 13:51:20 WARN  RetryUtil:16 - We have java.lang.Exception 
May be it is will fixed
2020-07-09 13:51:20 WARN  BlockServiceImpl:18 - Exeption java.lang.Exception in method run
2020-07-09 13:51:20 WARN  RetryUtil:16 - We have java.lang.Exception 
May be it is will fixed
2020-07-09 13:51:20 WARN  BlockServiceImpl:18 - Exeption java.lang.Exception in method run
2020-07-09 13:51:20 WARN  RetryUtil:16 - We have java.lang.Exception 
May be it is will fixed
2020-07-09 13:51:20 WARN  BlockServiceImpl:18 - Exeption java.lang.Exception in method run
2020-07-09 13:51:20 WARN  RetryUtil:16 - We have java.lang.Exception 
May be it is will fixed
2020-07-09 13:51:20 WARN  BlockServiceImpl:18 - Exeption java.lang.Exception in method run
2020-07-09 13:51:20 WARN  RetryUtil:16 - We have java.lang.Exception 
May be it is will fixed
2020-07-09 13:51:20 WARN  BlockServiceImpl:18 - Exeption java.lang.Exception in method run
2020-07-09 13:51:20 WARN  RetryUtil:16 - We have java.lang.Exception 
May be it is will fixed
2020-07-09 13:51:20 WARN  BlockServiceImpl:18 - Exeption java.lang.Exception in method run
2020-07-09 13:51:20 WARN  RetryUtil:16 - We have java.lang.Exception 
May be it is will fixed
2020-07-09 13:51:20 WARN  BlockServiceImpl:18 - Exeption java.lang.Exception in method run
2020-07-09 13:51:20 WARN  RetryUtil:16 - We have java.lang.Exception 
May be it is will fixed
2020-07-09 13:51:20 WARN  BlockServiceImpl:18 - Exeption java.lang.Exception in method run
2020-07-09 13:51:20 WARN  RetryUtil:16 - We have java.lang.Exception 
May be it is will fixed
2020-07-09 13:51:20 WARN  BlockServiceImpl:18 - Exeption java.lang.Exception in method run
2020-07-09 13:51:20 WARN  RetryUtil:16 - We have java.lang.Exception 
May be it is will fixed
2020-07-09 13:51:20 WARN  BlockServiceImpl:18 - Exeption java.lang.Exception in method run
2020-07-09 13:51:20 WARN  RetryUtil:16 - We have java.lang.Exception 
May be it is will fixed
2020-07-09 13:51:20 WARN  BlockServiceImpl:18 - Exeption java.lang.Exception in method run
2020-07-09 13:51:20 WARN  RetryUtil:16 - We have java.lang.Exception 
May be it is will fixed
2020-07-09 13:51:20 WARN  BlockServiceImpl:18 - Exeption java.lang.Exception in method run
2020-07-09 13:51:20 WARN  RetryUtil:16 - We have java.lang.Exception 
May be it is will fixed
2020-07-09 13:51:20 WARN  BlockServiceImpl:18 - Exeption java.lang.Exception in method run
2020-07-09 13:51:20 WARN  RetryUtil:16 - We have java.lang.Exception 
May be it is will fixed
2020-07-09 13:51:20 WARN  BlockServiceImpl:18 - Exeption java.lang.Exception in method run
2020-07-09 13:51:20 WARN  RetryUtil:16 - We have java.lang.Exception 
May be it is will fixed
2020-07-09 13:51:20 WARN  BlockServiceImpl:18 - Exeption java.lang.Exception in method run
2020-07-09 13:51:20 WARN  RetryUtil:16 - We have java.lang.Exception 
May be it is will fixed
2020-07-09 13:51:20 WARN  BlockServiceImpl:18 - Exeption java.lang.Exception in method run
2020-07-09 13:51:20 WARN  RetryUtil:16 - We have java.lang.Exception 
May be it is will fixed
2020-07-09 13:51:20 WARN  BlockServiceImpl:18 - Exeption java.lang.Exception in method run
2020-07-09 13:51:20 WARN  RetryUtil:16 - We have java.lang.Exception 
May be it is will fixed
2020-07-09 13:51:20 WARN  BlockServiceImpl:18 - Exeption java.lang.Exception in method run
2020-07-09 13:51:20 WARN  RetryUtil:16 - We have java.lang.Exception 
May be it is will fixed
2020-07-09 13:51:20 WARN  BlockServiceImpl:18 - Exeption java.lang.Exception in method run
2020-07-09 13:51:20 WARN  RetryUtil:16 - We have java.lang.Exception 
May be it is will fixed
2020-07-09 13:51:20 WARN  BlockServiceImpl:18 - Exeption java.lang.Exception in method run
2020-07-09 13:51:20 WARN  RetryUtil:16 - We have java.lang.Exception 
May be it is will fixed
2020-07-09 13:51:20 WARN  BlockServiceImpl:18 - Exeption java.lang.Exception in method run
2020-07-09 13:51:20 WARN  RetryUtil:16 - We have java.lang.Exception 
May be it is will fixed
2020-07-09 13:51:20 WARN  BlockServiceImpl:18 - Exeption java.lang.Exception in method run
2020-07-09 13:51:20 WARN  RetryUtil:16 - We have java.lang.Exception 
May be it is will fixed
2020-07-09 13:51:20 WARN  BlockServiceImpl:18 - Exeption java.lang.Exception in method run
2020-07-09 13:51:20 WARN  RetryUtil:16 - We have java.lang.Exception 
May be it is will fixed
2020-07-09 13:51:20 WARN  BlockServiceImpl:18 - Exeption java.lang.Exception in method run
2020-07-09 13:51:20 WARN  RetryUtil:16 - We have java.lang.Exception 
May be it is will fixed
2020-07-09 13:51:20 WARN  BlockServiceImpl:18 - Exeption java.lang.Exception in method run
2020-07-09 13:51:20 WARN  RetryUtil:16 - We have java.lang.Exception 
May be it is will fixed
2020-07-09 13:51:20 WARN  BlockServiceImpl:18 - Exeption java.lang.Exception in method run
2020-07-09 13:51:20 WARN  RetryUtil:16 - We have java.lang.Exception 
May be it is will fixed
2020-07-09 13:51:20 WARN  BlockServiceImpl:18 - Exeption java.lang.Exception in method run
2020-07-09 13:51:20 WARN  RetryUtil:16 - We have java.lang.Exception 
May be it is will fixed
2020-07-09 13:51:20 WARN  BlockServiceImpl:18 - Exeption java.lang.Exception in method run
2020-07-09 13:51:20 WARN  RetryUtil:16 - We have java.lang.Exception 
May be it is will fixed
2020-07-09 13:51:20 WARN  BlockServiceImpl:18 - Exeption java.lang.Exception in method run
2020-07-09 13:51:20 WARN  RetryUtil:16 - We have java.lang.Exception 
May be it is will fixed
2020-07-09 13:51:20 WARN  BlockServiceImpl:18 - Exeption java.lang.Exception in method run
2020-07-09 13:51:20 WARN  RetryUtil:16 - We have java.lang.Exception 
May be it is will fixed
2020-07-09 13:51:20 WARN  BlockServiceImpl:18 - Exeption java.lang.Exception in method run
2020-07-09 13:51:20 WARN  RetryUtil:16 - We have java.lang.Exception 
May be it is will fixed
2020-07-09 13:51:20 WARN  BlockServiceImpl:18 - Exeption java.lang.Exception in method run
2020-07-09 13:51:20 WARN  RetryUtil:16 - We have java.lang.Exception 
May be it is will fixed
2020-07-09 13:51:20 WARN  BlockServiceImpl:18 - Exeption java.lang.Exception in method run
2020-07-09 13:51:20 WARN  RetryUtil:16 - We have java.lang.Exception 
May be it is will fixed
2020-07-09 13:51:20 WARN  BlockServiceImpl:18 - Exeption java.lang.Exception in method run
2020-07-09 13:51:20 WARN  RetryUtil:16 - We have java.lang.Exception 
May be it is will fixed
2020-07-09 13:51:20 WARN  BlockServiceImpl:18 - Exeption java.lang.Exception in method run
2020-07-09 13:51:20 WARN  RetryUtil:16 - We have java.lang.Exception 
May be it is will fixed
2020-07-09 13:51:20 WARN  BlockServiceImpl:18 - Exeption java.lang.Exception in method run
2020-07-09 13:51:20 WARN  RetryUtil:16 - We have java.lang.Exception 
May be it is will fixed
2020-07-09 13:51:20 WARN  BlockServiceImpl:18 - Exeption java.lang.Exception in method run
2020-07-09 13:51:20 WARN  RetryUtil:16 - We have java.lang.Exception 
May be it is will fixed
2020-07-09 13:51:20 WARN  BlockServiceImpl:18 - Exeption java.lang.Exception in method run
2020-07-09 13:51:20 WARN  RetryUtil:16 - We have java.lang.Exception 
May be it is will fixed
2020-07-09 13:51:20 WARN  BlockServiceImpl:18 - Exeption java.lang.Exception in method run
2020-07-09 13:51:20 WARN  RetryUtil:16 - We have java.lang.Exception 
May be it is will fixed
2020-07-09 13:51:20 WARN  BlockServiceImpl:18 - Exeption java.lang.Exception in method run
2020-07-09 13:51:20 WARN  RetryUtil:16 - We have java.lang.Exception 
May be it is will fixed
2020-07-09 13:51:20 WARN  BlockServiceImpl:18 - Exeption java.lang.Exception in method run
2020-07-09 13:51:20 WARN  RetryUtil:16 - We have java.lang.Exception 
May be it is will fixed
2020-07-09 13:51:20 WARN  BlockServiceImpl:18 - Exeption java.lang.Exception in method run
2020-07-09 13:51:20 WARN  RetryUtil:16 - We have java.lang.Exception 
May be it is will fixed
2020-07-09 13:51:20 WARN  BlockServiceImpl:18 - Exeption java.lang.Exception in method run
2020-07-09 13:51:20 WARN  RetryUtil:16 - We have java.lang.Exception 
May be it is will fixed
2020-07-09 13:51:20 WARN  BlockServiceImpl:18 - Exeption java.lang.Exception in method run
2020-07-09 13:51:20 WARN  RetryUtil:16 - We have java.lang.Exception 
May be it is will fixed
2020-07-09 13:51:20 WARN  BlockServiceImpl:18 - Exeption java.lang.Exception in method run
2020-07-09 13:51:20 WARN  RetryUtil:16 - We have java.lang.Exception 
May be it is will fixed
2020-07-09 13:51:20 WARN  BlockServiceImpl:18 - Exeption java.lang.Exception in method run
2020-07-09 13:51:20 WARN  RetryUtil:16 - We have java.lang.Exception 
May be it is will fixed
2020-07-09 13:51:20 WARN  BlockServiceImpl:18 - Exeption java.lang.Exception in method run
2020-07-09 13:51:20 WARN  RetryUtil:16 - We have java.lang.Exception 
May be it is will fixed
2020-07-09 13:51:20 WARN  BlockServiceImpl:18 - Exeption java.lang.Exception in method run
2020-07-09 13:51:20 WARN  RetryUtil:16 - We have java.lang.Exception 
May be it is will fixed
2020-07-09 13:51:20 WARN  BlockServiceImpl:18 - Exeption java.lang.Exception in method run
2020-07-09 13:51:20 WARN  RetryUtil:16 - We have java.lang.Exception 
May be it is will fixed
2020-07-09 13:51:20 WARN  BlockServiceImpl:18 - Exeption java.lang.Exception in method run
2020-07-09 13:51:20 WARN  RetryUtil:16 - We have java.lang.Exception 
May be it is will fixed
2020-07-09 13:51:20 WARN  BlockServiceImpl:18 - Exeption java.lang.Exception in method run
2020-07-09 13:51:20 WARN  RetryUtil:16 - We have java.lang.Exception 
May be it is will fixed
2020-07-09 13:51:20 WARN  BlockServiceImpl:18 - Exeption java.lang.Exception in method run
2020-07-09 13:51:20 WARN  RetryUtil:16 - We have java.lang.Exception 
May be it is will fixed
2020-07-09 13:51:20 WARN  BlockServiceImpl:18 - Exeption java.lang.Exception in method run
2020-07-09 13:51:20 WARN  RetryUtil:16 - We have java.lang.Exception 
May be it is will fixed
2020-07-09 13:51:20 WARN  BlockServiceImpl:18 - Exeption java.lang.Exception in method run
2020-07-09 13:51:20 WARN  RetryUtil:16 - We have java.lang.Exception 
May be it is will fixed
2020-07-09 13:51:20 WARN  BlockServiceImpl:18 - Exeption java.lang.Exception in method run
2020-07-09 13:51:20 WARN  RetryUtil:16 - We have java.lang.Exception 
May be it is will fixed
2020-07-09 13:51:20 WARN  BlockServiceImpl:18 - Exeption java.lang.Exception in method run
2020-07-09 13:51:20 WARN  RetryUtil:16 - We have java.lang.Exception 
May be it is will fixed
2020-07-09 13:51:20 WARN  BlockServiceImpl:18 - Exeption java.lang.Exception in method run
2020-07-09 13:51:20 WARN  RetryUtil:16 - We have java.lang.Exception 
May be it is will fixed
2020-07-09 13:51:20 WARN  BlockServiceImpl:18 - Exeption java.lang.Exception in method run
2020-07-09 13:51:20 WARN  RetryUtil:16 - We have java.lang.Exception 
May be it is will fixed
2020-07-09 13:51:20 WARN  BlockServiceImpl:18 - Exeption java.lang.Exception in method run
2020-07-09 13:51:20 WARN  RetryUtil:16 - We have java.lang.Exception 
May be it is will fixed
2020-07-09 13:51:20 WARN  BlockServiceImpl:18 - Exeption java.lang.Exception in method run
2020-07-09 13:51:20 WARN  RetryUtil:16 - We have java.lang.Exception 
May be it is will fixed
2020-07-09 13:51:20 WARN  BlockServiceImpl:18 - Exeption java.lang.Exception in method run
2020-07-09 13:51:20 WARN  RetryUtil:16 - We have java.lang.Exception 
May be it is will fixed
2020-07-09 13:51:20 WARN  BlockServiceImpl:18 - Exeption java.lang.Exception in method run
2020-07-09 13:51:20 WARN  RetryUtil:16 - We have java.lang.Exception 
May be it is will fixed
2020-07-09 13:51:20 WARN  BlockServiceImpl:18 - Exeption java.lang.Exception in method run
2020-07-09 13:51:20 WARN  RetryUtil:16 - We have java.lang.Exception 
May be it is will fixed
2020-07-09 13:51:20 WARN  BlockServiceImpl:18 - Exeption java.lang.Exception in method run
2020-07-09 13:51:20 WARN  RetryUtil:16 - We have java.lang.Exception 
May be it is will fixed
2020-07-09 13:51:20 WARN  BlockServiceImpl:18 - Exeption java.lang.Exception in method run
2020-07-09 13:51:20 WARN  RetryUtil:16 - We have java.lang.Exception 
May be it is will fixed
2020-07-09 13:51:20 WARN  BlockServiceImpl:18 - Exeption java.lang.Exception in method run
2020-07-09 13:51:20 WARN  RetryUtil:16 - We have java.lang.Exception 
May be it is will fixed
2020-07-09 13:51:20 WARN  BlockServiceImpl:18 - Exeption java.lang.Exception in method run
2020-07-09 13:51:20 WARN  RetryUtil:16 - We have java.lang.Exception 
May be it is will fixed
2020-07-09 13:51:20 WARN  BlockServiceImpl:18 - Exeption java.lang.Exception in method run
2020-07-09 13:51:20 WARN  RetryUtil:16 - We have java.lang.Exception 
May be it is will fixed
2020-07-09 13:51:20 WARN  BlockServiceImpl:18 - Exeption java.lang.Exception in method run
2020-07-09 13:51:20 WARN  RetryUtil:16 - We have java.lang.Exception 
May be it is will fixed
2020-07-09 13:51:20 WARN  BlockServiceImpl:18 - Exeption java.lang.Exception in method run
2020-07-09 13:51:20 WARN  RetryUtil:16 - We have java.lang.Exception 
May be it is will fixed
2020-07-09 13:51:20 WARN  BlockServiceImpl:18 - Exeption java.lang.Exception in method run
2020-07-09 13:51:20 WARN  RetryUtil:16 - We have java.lang.Exception 
May be it is will fixed
2020-07-09 13:51:20 ERROR RetryUtil:23 - It is not fixed java.lang.Exception
2020-07-09 14:00:02 WARN  BlockServiceImpl:18 - Exeption java.lang.Exception in method run
2020-07-09 14:00:02 WARN  RetryUtil:16 - We have java.lang.Exception 
May be it is will fixed
2020-07-09 14:00:02 WARN  BlockServiceImpl:18 - Exeption java.lang.Exception in method run
2020-07-09 14:00:02 WARN  RetryUtil:16 - We have java.lang.Exception 
May be it is will fixed
2020-07-09 14:00:02 WARN  BlockServiceImpl:18 - Exeption java.lang.Exception in method run
2020-07-09 14:00:02 WARN  RetryUtil:16 - We have java.lang.Exception 
May be it is will fixed
2020-07-09 14:00:02 WARN  BlockServiceImpl:18 - Exeption java.lang.Exception in method run
2020-07-09 14:00:02 WARN  RetryUtil:16 - We have java.lang.Exception 
May be it is will fixed
2020-07-09 14:00:02 WARN  BlockServiceImpl:18 - Exeption java.lang.Exception in method run
2020-07-09 14:00:02 WARN  RetryUtil:16 - We have java.lang.Exception 
May be it is will fixed
2020-07-09 14:00:02 WARN  BlockServiceImpl:18 - Exeption java.lang.Exception in method run
2020-07-09 14:00:02 WARN  RetryUtil:16 - We have java.lang.Exception 
May be it is will fixed
2020-07-09 14:00:02 WARN  BlockServiceImpl:18 - Exeption java.lang.Exception in method run
2020-07-09 14:00:02 WARN  RetryUtil:16 - We have java.lang.Exception 
May be it is will fixed
2020-07-09 14:00:02 WARN  BlockServiceImpl:18 - Exeption java.lang.Exception in method run
2020-07-09 14:00:02 WARN  RetryUtil:16 - We have java.lang.Exception 
May be it is will fixed
2020-07-09 14:00:02 WARN  BlockServiceImpl:18 - Exeption java.lang.Exception in method run
2020-07-09 14:00:02 WARN  RetryUtil:16 - We have java.lang.Exception 
May be it is will fixed
2020-07-09 14:00:02 WARN  BlockServiceImpl:18 - Exeption java.lang.Exception in method run
2020-07-09 14:00:02 WARN  RetryUtil:16 - We have java.lang.Exception 
May be it is will fixed
2020-07-09 14:00:02 WARN  BlockServiceImpl:18 - Exeption java.lang.Exception in method run
2020-07-09 14:00:02 WARN  RetryUtil:16 - We have java.lang.Exception 
May be it is will fixed
2020-07-09 14:00:02 WARN  BlockServiceImpl:18 - Exeption java.lang.Exception in method run
2020-07-09 14:00:02 WARN  RetryUtil:16 - We have java.lang.Exception 
May be it is will fixed
2020-07-09 14:00:02 WARN  BlockServiceImpl:18 - Exeption java.lang.Exception in method run
2020-07-09 14:00:02 WARN  RetryUtil:16 - We have java.lang.Exception 
May be it is will fixed
2020-07-09 14:00:02 WARN  BlockServiceImpl:18 - Exeption java.lang.Exception in method run
2020-07-09 14:00:02 WARN  RetryUtil:16 - We have java.lang.Exception 
May be it is will fixed
2020-07-09 14:00:02 WARN  BlockServiceImpl:18 - Exeption java.lang.Exception in method run
2020-07-09 14:00:02 WARN  RetryUtil:16 - We have java.lang.Exception 
May be it is will fixed
2020-07-09 14:00:02 WARN  BlockServiceImpl:18 - Exeption java.lang.Exception in method run
2020-07-09 14:00:02 WARN  RetryUtil:16 - We have java.lang.Exception 
May be it is will fixed
2020-07-09 14:00:02 WARN  BlockServiceImpl:18 - Exeption java.lang.Exception in method run
2020-07-09 14:00:02 WARN  RetryUtil:16 - We have java.lang.Exception 
May be it is will fixed
2020-07-09 14:00:02 WARN  BlockServiceImpl:18 - Exeption java.lang.Exception in method run
2020-07-09 14:00:02 WARN  RetryUtil:16 - We have java.lang.Exception 
May be it is will fixed
2020-07-09 14:00:02 WARN  BlockServiceImpl:18 - Exeption java.lang.Exception in method run
2020-07-09 14:00:02 WARN  RetryUtil:16 - We have java.lang.Exception 
May be it is will fixed
2020-07-09 14:00:02 WARN  BlockServiceImpl:18 - Exeption java.lang.Exception in method run
2020-07-09 14:00:02 WARN  RetryUtil:16 - We have java.lang.Exception 
May be it is will fixed
2020-07-09 14:00:02 WARN  BlockServiceImpl:18 - Exeption java.lang.Exception in method run
2020-07-09 14:00:02 WARN  RetryUtil:16 - We have java.lang.Exception 
May be it is will fixed
2020-07-09 14:00:02 WARN  BlockServiceImpl:18 - Exeption java.lang.Exception in method run
2020-07-09 14:00:02 WARN  RetryUtil:16 - We have java.lang.Exception 
May be it is will fixed
2020-07-09 14:00:02 WARN  BlockServiceImpl:18 - Exeption java.lang.Exception in method run
2020-07-09 14:00:02 WARN  RetryUtil:16 - We have java.lang.Exception 
May be it is will fixed
2020-07-09 14:00:02 WARN  BlockServiceImpl:18 - Exeption java.lang.Exception in method run
2020-07-09 14:00:02 WARN  RetryUtil:16 - We have java.lang.Exception 
May be it is will fixed
2020-07-09 14:00:02 WARN  BlockServiceImpl:18 - Exeption java.lang.Exception in method run
2020-07-09 14:00:02 WARN  RetryUtil:16 - We have java.lang.Exception 
May be it is will fixed
2020-07-09 14:00:02 WARN  BlockServiceImpl:18 - Exeption java.lang.Exception in method run
2020-07-09 14:00:02 WARN  RetryUtil:16 - We have java.lang.Exception 
May be it is will fixed
2020-07-09 14:00:02 WARN  BlockServiceImpl:18 - Exeption java.lang.Exception in method run
2020-07-09 14:00:02 WARN  RetryUtil:16 - We have java.lang.Exception 
May be it is will fixed
2020-07-09 14:00:02 WARN  BlockServiceImpl:18 - Exeption java.lang.Exception in method run
2020-07-09 14:00:02 WARN  RetryUtil:16 - We have java.lang.Exception 
May be it is will fixed
2020-07-09 14:00:02 WARN  BlockServiceImpl:18 - Exeption java.lang.Exception in method run
2020-07-09 14:00:02 WARN  RetryUtil:16 - We have java.lang.Exception 
May be it is will fixed
2020-07-09 14:00:02 WARN  BlockServiceImpl:18 - Exeption java.lang.Exception in method run
2020-07-09 14:00:02 WARN  RetryUtil:16 - We have java.lang.Exception 
May be it is will fixed
2020-07-09 14:00:02 WARN  BlockServiceImpl:18 - Exeption java.lang.Exception in method run
2020-07-09 14:00:02 WARN  RetryUtil:16 - We have java.lang.Exception 
May be it is will fixed
2020-07-09 14:00:02 WARN  BlockServiceImpl:18 - Exeption java.lang.Exception in method run
2020-07-09 14:00:02 WARN  RetryUtil:16 - We have java.lang.Exception 
May be it is will fixed
2020-07-09 14:00:02 WARN  BlockServiceImpl:18 - Exeption java.lang.Exception in method run
2020-07-09 14:00:02 WARN  RetryUtil:16 - We have java.lang.Exception 
May be it is will fixed
2020-07-09 14:00:02 WARN  BlockServiceImpl:18 - Exeption java.lang.Exception in method run
2020-07-09 14:00:02 WARN  RetryUtil:16 - We have java.lang.Exception 
May be it is will fixed
2020-07-09 14:00:02 WARN  BlockServiceImpl:18 - Exeption java.lang.Exception in method run
2020-07-09 14:00:02 WARN  RetryUtil:16 - We have java.lang.Exception 
May be it is will fixed
2020-07-09 14:00:02 WARN  BlockServiceImpl:18 - Exeption java.lang.Exception in method run
2020-07-09 14:00:02 WARN  RetryUtil:16 - We have java.lang.Exception 
May be it is will fixed
2020-07-09 14:00:02 WARN  BlockServiceImpl:18 - Exeption java.lang.Exception in method run
2020-07-09 14:00:02 WARN  RetryUtil:16 - We have java.lang.Exception 
May be it is will fixed
2020-07-09 14:00:02 WARN  BlockServiceImpl:18 - Exeption java.lang.Exception in method run
2020-07-09 14:00:02 WARN  RetryUtil:16 - We have java.lang.Exception 
May be it is will fixed
2020-07-09 14:00:02 WARN  BlockServiceImpl:18 - Exeption java.lang.Exception in method run
2020-07-09 14:00:02 WARN  RetryUtil:16 - We have java.lang.Exception 
May be it is will fixed
2020-07-09 14:00:02 WARN  BlockServiceImpl:18 - Exeption java.lang.Exception in method run
2020-07-09 14:00:02 WARN  RetryUtil:16 - We have java.lang.Exception 
May be it is will fixed
2020-07-09 14:00:02 WARN  BlockServiceImpl:18 - Exeption java.lang.Exception in method run
2020-07-09 14:00:02 WARN  RetryUtil:16 - We have java.lang.Exception 
May be it is will fixed
2020-07-09 14:00:02 WARN  BlockServiceImpl:18 - Exeption java.lang.Exception in method run
2020-07-09 14:00:02 WARN  RetryUtil:16 - We have java.lang.Exception 
May be it is will fixed
2020-07-09 14:00:02 WARN  BlockServiceImpl:18 - Exeption java.lang.Exception in method run
2020-07-09 14:00:02 WARN  RetryUtil:16 - We have java.lang.Exception 
May be it is will fixed
2020-07-09 14:00:02 WARN  BlockServiceImpl:18 - Exeption java.lang.Exception in method run
2020-07-09 14:00:02 WARN  RetryUtil:16 - We have java.lang.Exception 
May be it is will fixed
2020-07-09 14:00:02 WARN  BlockServiceImpl:18 - Exeption java.lang.Exception in method run
2020-07-09 14:00:02 WARN  RetryUtil:16 - We have java.lang.Exception 
May be it is will fixed
2020-07-09 14:00:02 WARN  BlockServiceImpl:18 - Exeption java.lang.Exception in method run
2020-07-09 14:00:02 WARN  RetryUtil:16 - We have java.lang.Exception 
May be it is will fixed
2020-07-09 14:00:02 WARN  BlockServiceImpl:18 - Exeption java.lang.Exception in method run
2020-07-09 14:00:02 WARN  RetryUtil:16 - We have java.lang.Exception 
May be it is will fixed
2020-07-09 14:00:02 WARN  BlockServiceImpl:18 - Exeption java.lang.Exception in method run
2020-07-09 14:00:02 WARN  RetryUtil:16 - We have java.lang.Exception 
May be it is will fixed
2020-07-09 14:00:02 WARN  BlockServiceImpl:18 - Exeption java.lang.Exception in method run
2020-07-09 14:00:02 WARN  RetryUtil:16 - We have java.lang.Exception 
May be it is will fixed
2020-07-09 14:00:02 WARN  BlockServiceImpl:18 - Exeption java.lang.Exception in method run
2020-07-09 14:00:02 WARN  RetryUtil:16 - We have java.lang.Exception 
May be it is will fixed
2020-07-09 14:00:02 WARN  BlockServiceImpl:18 - Exeption java.lang.Exception in method run
2020-07-09 14:00:02 WARN  RetryUtil:16 - We have java.lang.Exception 
May be it is will fixed
2020-07-09 14:00:02 WARN  BlockServiceImpl:18 - Exeption java.lang.Exception in method run
2020-07-09 14:00:02 WARN  RetryUtil:16 - We have java.lang.Exception 
May be it is will fixed
2020-07-09 14:00:19 WARN  BlockServiceImpl:18 - Exeption java.lang.Exception in method run
2020-07-09 14:00:19 WARN  RetryUtil:16 - We have java.lang.Exception 
May be it is will fixed
2020-07-09 14:00:19 WARN  BlockServiceImpl:18 - Exeption java.lang.Exception in method run
2020-07-09 14:00:19 WARN  RetryUtil:16 - We have java.lang.Exception 
May be it is will fixed
2020-07-09 14:00:19 WARN  BlockServiceImpl:18 - Exeption java.lang.Exception in method run
2020-07-09 14:00:19 WARN  RetryUtil:16 - We have java.lang.Exception 
May be it is will fixed
2020-07-09 14:00:19 WARN  BlockServiceImpl:18 - Exeption java.lang.Exception in method run
2020-07-09 14:00:19 WARN  RetryUtil:16 - We have java.lang.Exception 
May be it is will fixed
2020-07-09 14:00:19 WARN  BlockServiceImpl:18 - Exeption java.lang.Exception in method run
2020-07-09 14:00:19 WARN  RetryUtil:16 - We have java.lang.Exception 
May be it is will fixed
2020-07-09 14:00:19 WARN  BlockServiceImpl:18 - Exeption java.lang.Exception in method run
2020-07-09 14:00:19 WARN  RetryUtil:16 - We have java.lang.Exception 
May be it is will fixed
2020-07-09 14:00:19 WARN  BlockServiceImpl:18 - Exeption java.lang.Exception in method run
2020-07-09 14:00:19 WARN  RetryUtil:16 - We have java.lang.Exception 
May be it is will fixed
2020-07-09 14:00:19 WARN  BlockServiceImpl:18 - Exeption java.lang.Exception in method run
2020-07-09 14:00:19 WARN  RetryUtil:16 - We have java.lang.Exception 
May be it is will fixed
2020-07-09 14:00:19 WARN  BlockServiceImpl:18 - Exeption java.lang.Exception in method run
2020-07-09 14:00:19 WARN  RetryUtil:16 - We have java.lang.Exception 
May be it is will fixed
2020-07-09 14:00:19 WARN  BlockServiceImpl:18 - Exeption java.lang.Exception in method run
2020-07-09 14:00:19 WARN  RetryUtil:16 - We have java.lang.Exception 
May be it is will fixed
2020-07-09 14:00:19 WARN  BlockServiceImpl:18 - Exeption java.lang.Exception in method run
2020-07-09 14:00:19 WARN  RetryUtil:16 - We have java.lang.Exception 
May be it is will fixed
2020-07-09 14:00:19 WARN  BlockServiceImpl:18 - Exeption java.lang.Exception in method run
2020-07-09 14:00:19 WARN  RetryUtil:16 - We have java.lang.Exception 
May be it is will fixed
2020-07-09 14:00:19 WARN  BlockServiceImpl:18 - Exeption java.lang.Exception in method run
2020-07-09 14:00:19 WARN  RetryUtil:16 - We have java.lang.Exception 
May be it is will fixed
2020-07-09 14:00:19 WARN  BlockServiceImpl:18 - Exeption java.lang.Exception in method run
2020-07-09 14:00:19 WARN  RetryUtil:16 - We have java.lang.Exception 
May be it is will fixed
2020-07-09 14:00:19 WARN  BlockServiceImpl:18 - Exeption java.lang.Exception in method run
2020-07-09 14:00:19 WARN  RetryUtil:16 - We have java.lang.Exception 
May be it is will fixed
2020-07-09 14:00:19 WARN  BlockServiceImpl:18 - Exeption java.lang.Exception in method run
2020-07-09 14:00:19 WARN  RetryUtil:16 - We have java.lang.Exception 
May be it is will fixed
2020-07-09 14:00:19 WARN  BlockServiceImpl:18 - Exeption java.lang.Exception in method run
2020-07-09 14:00:19 WARN  RetryUtil:16 - We have java.lang.Exception 
May be it is will fixed
2020-07-09 14:00:19 WARN  BlockServiceImpl:18 - Exeption java.lang.Exception in method run
2020-07-09 14:00:19 WARN  RetryUtil:16 - We have java.lang.Exception 
May be it is will fixed
2020-07-09 14:00:19 WARN  BlockServiceImpl:18 - Exeption java.lang.Exception in method run
2020-07-09 14:00:19 WARN  RetryUtil:16 - We have java.lang.Exception 
May be it is will fixed
2020-07-09 14:00:19 WARN  BlockServiceImpl:18 - Exeption java.lang.Exception in method run
2020-07-09 14:00:19 WARN  RetryUtil:16 - We have java.lang.Exception 
May be it is will fixed
2020-07-09 14:00:19 WARN  BlockServiceImpl:18 - Exeption java.lang.Exception in method run
2020-07-09 14:00:19 WARN  RetryUtil:16 - We have java.lang.Exception 
May be it is will fixed
2020-07-09 14:00:19 WARN  BlockServiceImpl:18 - Exeption java.lang.Exception in method run
2020-07-09 14:00:19 WARN  RetryUtil:16 - We have java.lang.Exception 
May be it is will fixed
2020-07-09 14:00:19 WARN  BlockServiceImpl:18 - Exeption java.lang.Exception in method run
2020-07-09 14:00:19 WARN  RetryUtil:16 - We have java.lang.Exception 
May be it is will fixed
2020-07-09 14:00:19 WARN  BlockServiceImpl:18 - Exeption java.lang.Exception in method run
2020-07-09 14:00:19 WARN  RetryUtil:16 - We have java.lang.Exception 
May be it is will fixed
2020-07-09 14:00:19 WARN  BlockServiceImpl:18 - Exeption java.lang.Exception in method run
2020-07-09 14:00:19 WARN  RetryUtil:16 - We have java.lang.Exception 
May be it is will fixed
2020-07-09 14:00:19 WARN  BlockServiceImpl:18 - Exeption java.lang.Exception in method run
2020-07-09 14:00:19 WARN  RetryUtil:16 - We have java.lang.Exception 
May be it is will fixed
2020-07-09 14:00:19 WARN  BlockServiceImpl:18 - Exeption java.lang.Exception in method run
2020-07-09 14:00:19 WARN  RetryUtil:16 - We have java.lang.Exception 
May be it is will fixed
2020-07-09 14:00:19 WARN  BlockServiceImpl:18 - Exeption java.lang.Exception in method run
2020-07-09 14:00:19 WARN  RetryUtil:16 - We have java.lang.Exception 
May be it is will fixed
2020-07-09 14:00:19 WARN  BlockServiceImpl:18 - Exeption java.lang.Exception in method run
2020-07-09 14:00:19 WARN  RetryUtil:16 - We have java.lang.Exception 
May be it is will fixed
2020-07-09 14:00:19 WARN  BlockServiceImpl:18 - Exeption java.lang.Exception in method run
2020-07-09 14:00:19 WARN  RetryUtil:16 - We have java.lang.Exception 
May be it is will fixed
2020-07-09 14:00:19 WARN  BlockServiceImpl:18 - Exeption java.lang.Exception in method run
2020-07-09 14:00:19 WARN  RetryUtil:16 - We have java.lang.Exception 
May be it is will fixed
2020-07-09 14:00:19 WARN  BlockServiceImpl:18 - Exeption java.lang.Exception in method run
2020-07-09 14:00:19 WARN  RetryUtil:16 - We have java.lang.Exception 
May be it is will fixed
2020-07-09 14:00:19 WARN  BlockServiceImpl:18 - Exeption java.lang.Exception in method run
2020-07-09 14:00:19 WARN  RetryUtil:16 - We have java.lang.Exception 
May be it is will fixed
2020-07-09 14:00:19 WARN  BlockServiceImpl:18 - Exeption java.lang.Exception in method run
2020-07-09 14:00:19 WARN  RetryUtil:16 - We have java.lang.Exception 
May be it is will fixed
2020-07-09 14:00:19 WARN  BlockServiceImpl:18 - Exeption java.lang.Exception in method run
2020-07-09 14:00:19 WARN  RetryUtil:16 - We have java.lang.Exception 
May be it is will fixed
2020-07-09 14:00:19 WARN  BlockServiceImpl:18 - Exeption java.lang.Exception in method run
2020-07-09 14:00:19 WARN  RetryUtil:16 - We have java.lang.Exception 
May be it is will fixed
2020-07-09 14:00:19 WARN  BlockServiceImpl:18 - Exeption java.lang.Exception in method run
2020-07-09 14:00:19 WARN  RetryUtil:16 - We have java.lang.Exception 
May be it is will fixed
2020-07-09 14:00:19 WARN  BlockServiceImpl:18 - Exeption java.lang.Exception in method run
2020-07-09 14:00:19 WARN  RetryUtil:16 - We have java.lang.Exception 
May be it is will fixed
2020-07-09 14:00:19 WARN  BlockServiceImpl:18 - Exeption java.lang.Exception in method run
2020-07-09 14:00:19 WARN  RetryUtil:16 - We have java.lang.Exception 
May be it is will fixed
2020-07-09 14:00:19 WARN  BlockServiceImpl:18 - Exeption java.lang.Exception in method run
2020-07-09 14:00:19 WARN  RetryUtil:16 - We have java.lang.Exception 
May be it is will fixed
2020-07-09 14:00:19 WARN  BlockServiceImpl:18 - Exeption java.lang.Exception in method run
2020-07-09 14:00:19 WARN  RetryUtil:16 - We have java.lang.Exception 
May be it is will fixed
2020-07-09 14:00:19 WARN  BlockServiceImpl:18 - Exeption java.lang.Exception in method run
2020-07-09 14:00:19 WARN  RetryUtil:16 - We have java.lang.Exception 
May be it is will fixed
2020-07-09 14:00:19 WARN  BlockServiceImpl:18 - Exeption java.lang.Exception in method run
2020-07-09 14:00:19 WARN  RetryUtil:16 - We have java.lang.Exception 
May be it is will fixed
2020-07-09 14:00:19 WARN  BlockServiceImpl:18 - Exeption java.lang.Exception in method run
2020-07-09 14:00:19 WARN  RetryUtil:16 - We have java.lang.Exception 
May be it is will fixed
2020-07-09 14:00:19 WARN  BlockServiceImpl:18 - Exeption java.lang.Exception in method run
2020-07-09 14:00:19 WARN  RetryUtil:16 - We have java.lang.Exception 
May be it is will fixed
2020-07-09 14:00:19 WARN  BlockServiceImpl:18 - Exeption java.lang.Exception in method run
2020-07-09 14:00:19 WARN  RetryUtil:16 - We have java.lang.Exception 
May be it is will fixed
2020-07-09 14:00:19 WARN  BlockServiceImpl:18 - Exeption java.lang.Exception in method run
2020-07-09 14:00:19 WARN  RetryUtil:16 - We have java.lang.Exception 
May be it is will fixed
2020-07-09 14:00:19 WARN  BlockServiceImpl:18 - Exeption java.lang.Exception in method run
2020-07-09 14:00:19 WARN  RetryUtil:16 - We have java.lang.Exception 
May be it is will fixed
2020-07-09 14:00:19 WARN  BlockServiceImpl:18 - Exeption java.lang.Exception in method run
2020-07-09 14:00:19 WARN  RetryUtil:16 - We have java.lang.Exception 
May be it is will fixed
2020-07-09 14:00:19 WARN  BlockServiceImpl:18 - Exeption java.lang.Exception in method run
2020-07-09 14:00:19 WARN  RetryUtil:16 - We have java.lang.Exception 
May be it is will fixed
2020-07-09 14:00:19 WARN  BlockServiceImpl:18 - Exeption java.lang.Exception in method run
2020-07-09 14:00:19 WARN  RetryUtil:16 - We have java.lang.Exception 
May be it is will fixed
2020-07-09 14:00:19 WARN  BlockServiceImpl:18 - Exeption java.lang.Exception in method run
2020-07-09 14:00:19 WARN  RetryUtil:16 - We have java.lang.Exception 
May be it is will fixed
2020-07-09 14:00:19 WARN  BlockServiceImpl:18 - Exeption java.lang.Exception in method run
2020-07-09 14:00:19 WARN  RetryUtil:16 - We have java.lang.Exception 
May be it is will fixed
2020-07-09 14:00:19 WARN  BlockServiceImpl:18 - Exeption java.lang.Exception in method run
2020-07-09 14:00:19 WARN  RetryUtil:16 - We have java.lang.Exception 
May be it is will fixed
2020-07-09 14:00:19 WARN  BlockServiceImpl:18 - Exeption java.lang.Exception in method run
2020-07-09 14:00:19 WARN  RetryUtil:16 - We have java.lang.Exception 
May be it is will fixed
2020-07-09 14:00:19 WARN  BlockServiceImpl:18 - Exeption java.lang.Exception in method run
2020-07-09 14:00:19 WARN  RetryUtil:16 - We have java.lang.Exception 
May be it is will fixed
2020-07-09 14:00:19 WARN  BlockServiceImpl:18 - Exeption java.lang.Exception in method run
2020-07-09 14:00:19 WARN  RetryUtil:16 - We have java.lang.Exception 
May be it is will fixed
2020-07-09 14:00:19 WARN  BlockServiceImpl:18 - Exeption java.lang.Exception in method run
2020-07-09 14:00:19 WARN  RetryUtil:16 - We have java.lang.Exception 
May be it is will fixed
2020-07-09 14:00:19 WARN  BlockServiceImpl:18 - Exeption java.lang.Exception in method run
2020-07-09 14:00:19 WARN  RetryUtil:16 - We have java.lang.Exception 
May be it is will fixed
2020-07-09 14:00:19 WARN  BlockServiceImpl:18 - Exeption java.lang.Exception in method run
2020-07-09 14:00:19 WARN  RetryUtil:16 - We have java.lang.Exception 
May be it is will fixed
2020-07-09 14:00:19 WARN  BlockServiceImpl:18 - Exeption java.lang.Exception in method run
2020-07-09 14:00:19 WARN  RetryUtil:16 - We have java.lang.Exception 
May be it is will fixed
2020-07-09 14:00:19 WARN  BlockServiceImpl:18 - Exeption java.lang.Exception in method run
2020-07-09 14:00:19 WARN  RetryUtil:16 - We have java.lang.Exception 
May be it is will fixed
2020-07-09 14:00:19 WARN  BlockServiceImpl:18 - Exeption java.lang.Exception in method run
2020-07-09 14:00:19 WARN  RetryUtil:16 - We have java.lang.Exception 
May be it is will fixed
2020-07-09 14:00:19 WARN  BlockServiceImpl:18 - Exeption java.lang.Exception in method run
2020-07-09 14:00:19 WARN  RetryUtil:16 - We have java.lang.Exception 
May be it is will fixed
2020-07-09 14:00:19 WARN  BlockServiceImpl:18 - Exeption java.lang.Exception in method run
2020-07-09 14:00:19 WARN  RetryUtil:16 - We have java.lang.Exception 
May be it is will fixed
2020-07-09 14:00:19 WARN  BlockServiceImpl:18 - Exeption java.lang.Exception in method run
2020-07-09 14:00:19 WARN  RetryUtil:16 - We have java.lang.Exception 
May be it is will fixed
2020-07-09 14:00:19 WARN  BlockServiceImpl:18 - Exeption java.lang.Exception in method run
2020-07-09 14:00:19 WARN  RetryUtil:16 - We have java.lang.Exception 
May be it is will fixed
2020-07-09 14:00:19 WARN  BlockServiceImpl:18 - Exeption java.lang.Exception in method run
2020-07-09 14:00:19 WARN  RetryUtil:16 - We have java.lang.Exception 
May be it is will fixed
2020-07-09 14:00:19 WARN  BlockServiceImpl:18 - Exeption java.lang.Exception in method run
2020-07-09 14:00:19 WARN  RetryUtil:16 - We have java.lang.Exception 
May be it is will fixed
2020-07-09 14:00:19 WARN  BlockServiceImpl:18 - Exeption java.lang.Exception in method run
2020-07-09 14:00:19 WARN  RetryUtil:16 - We have java.lang.Exception 
May be it is will fixed
2020-07-09 14:00:19 WARN  BlockServiceImpl:18 - Exeption java.lang.Exception in method run
2020-07-09 14:00:19 WARN  RetryUtil:16 - We have java.lang.Exception 
May be it is will fixed
2020-07-09 14:00:19 WARN  BlockServiceImpl:18 - Exeption java.lang.Exception in method run
2020-07-09 14:00:19 WARN  RetryUtil:16 - We have java.lang.Exception 
May be it is will fixed
2020-07-09 14:00:19 WARN  BlockServiceImpl:18 - Exeption java.lang.Exception in method run
2020-07-09 14:00:19 WARN  RetryUtil:16 - We have java.lang.Exception 
May be it is will fixed
2020-07-09 14:00:19 WARN  BlockServiceImpl:18 - Exeption java.lang.Exception in method run
2020-07-09 14:00:19 WARN  RetryUtil:16 - We have java.lang.Exception 
May be it is will fixed
2020-07-09 14:00:19 WARN  BlockServiceImpl:18 - Exeption java.lang.Exception in method run
2020-07-09 14:00:19 WARN  RetryUtil:16 - We have java.lang.Exception 
May be it is will fixed
2020-07-09 14:00:19 WARN  BlockServiceImpl:18 - Exeption java.lang.Exception in method run
2020-07-09 14:00:19 WARN  RetryUtil:16 - We have java.lang.Exception 
May be it is will fixed
2020-07-09 14:00:19 WARN  BlockServiceImpl:18 - Exeption java.lang.Exception in method run
2020-07-09 14:00:19 WARN  RetryUtil:16 - We have java.lang.Exception 
May be it is will fixed
2020-07-09 14:00:19 WARN  BlockServiceImpl:18 - Exeption java.lang.Exception in method run
2020-07-09 14:00:19 WARN  RetryUtil:16 - We have java.lang.Exception 
May be it is will fixed
2020-07-09 14:00:19 WARN  BlockServiceImpl:18 - Exeption java.lang.Exception in method run
2020-07-09 14:00:19 WARN  RetryUtil:16 - We have java.lang.Exception 
May be it is will fixed
2020-07-09 14:00:19 WARN  BlockServiceImpl:18 - Exeption java.lang.Exception in method run
2020-07-09 14:00:19 WARN  RetryUtil:16 - We have java.lang.Exception 
May be it is will fixed
2020-07-09 14:00:19 WARN  BlockServiceImpl:18 - Exeption java.lang.Exception in method run
2020-07-09 14:00:19 WARN  RetryUtil:16 - We have java.lang.Exception 
May be it is will fixed
2020-07-09 14:00:19 WARN  BlockServiceImpl:18 - Exeption java.lang.Exception in method run
2020-07-09 14:00:19 WARN  RetryUtil:16 - We have java.lang.Exception 
May be it is will fixed
2020-07-09 14:00:19 WARN  BlockServiceImpl:18 - Exeption java.lang.Exception in method run
2020-07-09 14:00:19 WARN  RetryUtil:16 - We have java.lang.Exception 
May be it is will fixed
2020-07-09 14:00:19 WARN  BlockServiceImpl:18 - Exeption java.lang.Exception in method run
2020-07-09 14:00:19 WARN  RetryUtil:16 - We have java.lang.Exception 
May be it is will fixed
2020-07-09 14:00:19 WARN  BlockServiceImpl:18 - Exeption java.lang.Exception in method run
2020-07-09 14:00:19 WARN  RetryUtil:16 - We have java.lang.Exception 
May be it is will fixed
2020-07-09 14:00:19 WARN  BlockServiceImpl:18 - Exeption java.lang.Exception in method run
2020-07-09 14:00:19 WARN  RetryUtil:16 - We have java.lang.Exception 
May be it is will fixed
2020-07-09 14:00:19 WARN  BlockServiceImpl:18 - Exeption java.lang.Exception in method run
2020-07-09 14:00:19 WARN  RetryUtil:16 - We have java.lang.Exception 
May be it is will fixed
2020-07-09 14:00:19 WARN  BlockServiceImpl:18 - Exeption java.lang.Exception in method run
2020-07-09 14:00:19 WARN  RetryUtil:16 - We have java.lang.Exception 
May be it is will fixed
2020-07-09 14:00:19 WARN  BlockServiceImpl:18 - Exeption java.lang.Exception in method run
2020-07-09 14:00:19 WARN  RetryUtil:16 - We have java.lang.Exception 
May be it is will fixed
2020-07-09 14:00:19 WARN  BlockServiceImpl:18 - Exeption java.lang.Exception in method run
2020-07-09 14:00:19 WARN  RetryUtil:16 - We have java.lang.Exception 
May be it is will fixed
2020-07-09 14:00:19 WARN  BlockServiceImpl:18 - Exeption java.lang.Exception in method run
2020-07-09 14:00:19 WARN  RetryUtil:16 - We have java.lang.Exception 
May be it is will fixed
2020-07-09 14:00:19 WARN  BlockServiceImpl:18 - Exeption java.lang.Exception in method run
2020-07-09 14:00:19 WARN  RetryUtil:16 - We have java.lang.Exception 
May be it is will fixed
2020-07-09 14:00:19 WARN  BlockServiceImpl:18 - Exeption java.lang.Exception in method run
2020-07-09 14:00:19 WARN  RetryUtil:16 - We have java.lang.Exception 
May be it is will fixed
2020-07-09 14:00:19 WARN  BlockServiceImpl:18 - Exeption java.lang.Exception in method run
2020-07-09 14:00:19 WARN  RetryUtil:16 - We have java.lang.Exception 
May be it is will fixed
2020-07-09 14:00:19 WARN  BlockServiceImpl:18 - Exeption java.lang.Exception in method run
2020-07-09 14:00:19 WARN  RetryUtil:16 - We have java.lang.Exception 
May be it is will fixed
2020-07-09 14:00:19 WARN  BlockServiceImpl:18 - Exeption java.lang.Exception in method run
2020-07-09 14:00:19 WARN  RetryUtil:16 - We have java.lang.Exception 
May be it is will fixed
2020-07-09 14:00:19 WARN  BlockServiceImpl:18 - Exeption java.lang.Exception in method run
2020-07-09 14:00:19 WARN  RetryUtil:16 - We have java.lang.Exception 
May be it is will fixed
2020-07-09 14:00:19 WARN  BlockServiceImpl:18 - Exeption java.lang.Exception in method run
2020-07-09 14:00:19 WARN  RetryUtil:16 - We have java.lang.Exception 
May be it is will fixed
2020-07-09 14:00:19 WARN  BlockServiceImpl:18 - Exeption java.lang.Exception in method run
2020-07-09 14:00:19 WARN  RetryUtil:16 - We have java.lang.Exception 
May be it is will fixed
2020-07-09 14:00:19 WARN  BlockServiceImpl:18 - Exeption java.lang.Exception in method run
2020-07-09 14:00:19 WARN  RetryUtil:16 - We have java.lang.Exception 
May be it is will fixed
2020-07-09 14:00:19 ERROR RetryUtil:23 - It is not fixed java.lang.Exception
2020-07-09 14:00:46 WARN  BlockServiceImpl:18 - Exeption java.lang.Exception in method run
2020-07-09 14:00:46 WARN  RetryUtil:17 - We have java.lang.Exception 
May be it is will fixed
2020-07-09 14:00:47 WARN  BlockServiceImpl:18 - Exeption java.lang.Exception in method run
2020-07-09 14:00:47 WARN  RetryUtil:17 - We have java.lang.Exception 
May be it is will fixed
2020-07-09 14:00:48 WARN  BlockServiceImpl:18 - Exeption java.lang.Exception in method run
2020-07-09 14:00:48 WARN  RetryUtil:17 - We have java.lang.Exception 
May be it is will fixed
2020-07-09 14:01:02 WARN  BlockServiceImpl:18 - Exeption java.lang.Exception in method run
2020-07-09 14:01:02 WARN  RetryUtil:17 - We have java.lang.Exception 
May be it is will fixed
2020-07-09 14:01:02 WARN  BlockServiceImpl:18 - Exeption java.lang.Exception in method run
2020-07-09 14:01:02 WARN  RetryUtil:17 - We have java.lang.Exception 
May be it is will fixed
2020-07-09 14:01:02 WARN  BlockServiceImpl:18 - Exeption java.lang.Exception in method run
2020-07-09 14:01:02 WARN  RetryUtil:17 - We have java.lang.Exception 
May be it is will fixed
2020-07-09 14:01:02 WARN  BlockServiceImpl:18 - Exeption java.lang.Exception in method run
2020-07-09 14:01:02 WARN  RetryUtil:17 - We have java.lang.Exception 
May be it is will fixed
2020-07-09 14:01:03 WARN  BlockServiceImpl:18 - Exeption java.lang.Exception in method run
2020-07-09 14:01:03 WARN  RetryUtil:17 - We have java.lang.Exception 
May be it is will fixed
2020-07-09 14:01:03 WARN  BlockServiceImpl:18 - Exeption java.lang.Exception in method run
2020-07-09 14:01:03 WARN  RetryUtil:17 - We have java.lang.Exception 
May be it is will fixed
2020-07-09 14:01:03 WARN  BlockServiceImpl:18 - Exeption java.lang.Exception in method run
2020-07-09 14:01:03 WARN  RetryUtil:17 - We have java.lang.Exception 
May be it is will fixed
2020-07-09 14:01:03 WARN  BlockServiceImpl:18 - Exeption java.lang.Exception in method run
2020-07-09 14:01:03 WARN  RetryUtil:17 - We have java.lang.Exception 
May be it is will fixed
2020-07-09 14:01:03 WARN  BlockServiceImpl:18 - Exeption java.lang.Exception in method run
2020-07-09 14:01:03 WARN  RetryUtil:17 - We have java.lang.Exception 
May be it is will fixed
2020-07-09 14:01:03 WARN  BlockServiceImpl:18 - Exeption java.lang.Exception in method run
2020-07-09 14:01:03 WARN  RetryUtil:17 - We have java.lang.Exception 
May be it is will fixed
2020-07-09 14:01:03 ERROR RetryUtil:24 - It is not fixed java.lang.Exception
